[debug] [2022-03-27T03:55:55.231Z] ----------------------------------------------------------------------
[debug] [2022-03-27T03:55:55.233Z] Command:       C:\Program Files\nodejs\node.exe C:\Users\2021\AppData\Roaming\npm\node_modules\firebase-tools\lib\bin\firebase.js init
[debug] [2022-03-27T03:55:55.233Z] CLI Version:   10.5.0
[debug] [2022-03-27T03:55:55.233Z] Platform:      win32
[debug] [2022-03-27T03:55:55.233Z] Node Version:  v16.13.2
[debug] [2022-03-27T03:55:55.234Z] Time:          Sun Mar 27 2022 09:55:55 GMT+0600 (Bangladesh Standard Time)
[debug] [2022-03-27T03:55:55.235Z] ----------------------------------------------------------------------
[debug] 
[debug] [2022-03-27T03:55:55.237Z] >>> [apiv2][query] GET https://firebase-public.firebaseio.com/cli.json [none]
[debug] [2022-03-27T03:55:55.257Z] > command requires scopes: ["email","openid","https://www.googleapis.com/auth/cloudplatformprojects.readonly","https://www.googleapis.com/auth/firebase","https://www.googleapis.com/auth/cloud-platform"]
[debug] [2022-03-27T03:55:55.258Z] > authorizing via signed-in user (mariya214199@gmail.com)
[info] 
     ######## #### ########  ######## ########     ###     ######  ########
     ##        ##  ##     ## ##       ##     ##  ##   ##  ##       ##
     ######    ##  ########  ######   ########  #########  ######  ######
     ##        ##  ##    ##  ##       ##     ## ##     ##       ## ##
     ##       #### ##     ## ######## ########  ##     ##  ######  ########

You're about to initialize a Firebase project in this directory:

  E:\node-projects\event-management

[debug] [2022-03-27T03:55:56.180Z] <<< [apiv2][status] GET https://firebase-public.firebaseio.com/cli.json 200
[debug] [2022-03-27T03:55:56.180Z] <<< [apiv2][body] GET https://firebase-public.firebaseio.com/cli.json {"cloudBuildErrorAfter":1594252800000,"cloudBuildWarnAfter":1590019200000,"defaultNode10After":1594252800000,"minVersion":"3.0.5","node8DeploysDisabledAfter":1613390400000,"node8RuntimeDisabledAfter":1615809600000,"node8WarnAfter":1600128000000}
